2025-10-10 17:15:37,061 - utils - INFO - ==================================================
2025-10-10 17:15:37,063 - utils - INFO - Iniciando novo processamento de planilha.
2025-10-10 17:15:37,063 - utils - INFO - Iniciando a leitura do arquivo: base_de_dados.xlsx
2025-10-10 17:15:47,568 - utils - INFO - Arquivo carregado com sucesso. 37768 linhas encontradas.
2025-10-10 17:15:47,568 - utils - INFO - Iniciando a filtragem por data.
2025-10-10 17:15:47,579 - utils - INFO - 1 linhas removidas por data vazia.
2025-10-10 17:15:47,622 - utils - INFO - 259 linhas removidas do ano 2023.
2025-10-10 17:15:47,623 - utils - INFO - Filtragem por data concluída.
2025-10-10 17:15:47,624 - utils - INFO - Selecionando as colunas: Conta, Referęncia, Montante em moeda interna, Data do documento, Data de lançamento, Data de compensaçăo
2025-10-10 17:15:47,629 - utils - INFO - Colunas selecionadas com sucesso.
2025-10-10 17:15:47,629 - utils - INFO - Iniciando o tratamento da coluna 'Referęncia'.
2025-10-10 17:15:47,671 - utils - INFO - Símbolo '-' e texto subsequente removidos da coluna 'Referęncia'.
2025-10-10 17:15:47,707 - utils - INFO - 6693 linhas removidas por conterem valores inválidos (texto ou vazios) na coluna 'Referęncia'.
2025-10-10 17:15:47,708 - utils - INFO - Coluna 'Referęncia' tratada e convertida para formato numérico.
2025-10-10 17:15:47,709 - utils - INFO - Processamento concluído.
2025-10-10 17:15:55,524 - utils - INFO - Arquivo processado salvo com sucesso em: 'dados_estruturados.xlsx'
2025-10-10 17:15:55,524 - utils - INFO - Fim do processamento.
2025-10-10 17:15:55,525 - utils - INFO - ==================================================

2025-10-10 17:27:34,610 - utils - INFO - ==================================================
2025-10-10 17:27:34,610 - utils - INFO - Iniciando novo processamento de planilha.
2025-10-10 17:27:34,610 - utils - INFO - Iniciando a leitura do arquivo: base_de_dados.xlsx
2025-10-10 17:27:42,063 - utils - INFO - Arquivo carregado com sucesso. 37768 linhas encontradas.
2025-10-10 17:27:42,064 - utils - INFO - Iniciando a filtragem por data.
2025-10-10 17:27:42,074 - utils - INFO - 1 linhas removidas por data vazia.
2025-10-10 17:27:42,122 - utils - INFO - 259 linhas removidas do ano 2023.
2025-10-10 17:27:42,123 - utils - INFO - Filtragem por data concluída.
2025-10-10 17:27:42,124 - utils - INFO - Selecionando as colunas: Conta, Referęncia, Montante em moeda interna, Data do documento, Data de lançamento, Data de compensaçăo
2025-10-10 17:27:42,127 - utils - INFO - Colunas selecionadas com sucesso.
2025-10-10 17:27:42,128 - utils - INFO - Iniciando o tratamento da coluna 'Referęncia'.
2025-10-10 17:27:42,168 - utils - INFO - Símbolo '-' e texto subsequente removidos da coluna 'Referęncia'.
2025-10-10 17:27:42,175 - utils - INFO - 0 linhas removidas por conterem valores inválidos (texto ou vazios) na coluna 'Referęncia'.
2025-10-10 17:29:02,589 - utils - INFO - ==================================================
2025-10-10 17:29:02,590 - utils - INFO - Iniciando novo processamento de planilha.
2025-10-10 17:29:02,590 - utils - INFO - Iniciando a leitura do arquivo: base_de_dados.xlsx
2025-10-10 17:29:11,710 - utils - INFO - Arquivo carregado com sucesso. 37768 linhas encontradas.
2025-10-10 17:29:11,711 - utils - INFO - Iniciando a filtragem por data.
2025-10-10 17:29:11,724 - utils - INFO - 1 linhas removidas por data vazia.
2025-10-10 17:29:11,785 - utils - INFO - 259 linhas removidas do ano 2023.
2025-10-10 17:29:11,786 - utils - INFO - Filtragem por data concluída.
2025-10-10 17:29:11,786 - utils - INFO - Selecionando as colunas: Conta, Referęncia, Montante em moeda interna, Data do documento, Data de lançamento, Data de compensaçăo
2025-10-10 17:29:11,790 - utils - INFO - Colunas selecionadas com sucesso.
2025-10-10 17:29:11,791 - utils - INFO - Iniciando o tratamento da coluna 'Referęncia'.
2025-10-10 17:29:11,922 - utils - INFO - Símbolo '-' e texto subsequente removidos da coluna 'Referęncia'.
2025-10-10 17:32:39,253 - utils - INFO - ==================================================
2025-10-10 17:32:39,253 - utils - INFO - Iniciando novo processamento de planilha.
2025-10-10 17:32:39,254 - utils - INFO - Iniciando a leitura do arquivo: base_de_dados.xlsx
2025-10-10 17:32:39,255 - utils - ERROR - Erro: O arquivo 'base_de_dados.xlsx' năo foi encontrado.
2025-10-10 17:32:39,255 - utils - ERROR - O processamento falhou ao carregar os dados.
2025-10-10 17:32:39,255 - utils - WARNING - Nenhum dado foi processado, o arquivo de saída năo será gerado.
2025-10-10 17:32:39,255 - utils - INFO - Fim do processamento.
2025-10-10 17:32:39,255 - utils - INFO - ==================================================

2025-10-10 17:33:17,115 - utils - INFO - ==================================================
2025-10-10 17:33:17,115 - utils - INFO - Iniciando novo processamento de planilha.
2025-10-10 17:33:17,115 - utils - INFO - Iniciando a leitura do arquivo: base_de_dados.xlsx
2025-10-10 17:33:24,531 - utils - INFO - Arquivo carregado com sucesso. 37768 linhas encontradas.
2025-10-10 17:33:24,532 - utils - INFO - Iniciando a filtragem por data.
2025-10-10 17:33:24,542 - utils - INFO - 1 linhas removidas por data vazia.
2025-10-10 17:33:24,597 - utils - INFO - 259 linhas removidas do ano 2023.
2025-10-10 17:33:24,598 - utils - INFO - Filtragem por data concluída.
2025-10-10 17:33:24,598 - utils - INFO - Selecionando as colunas: Conta, Referęncia, Montante em moeda interna, Data do documento, Data de lançamento, Data de compensaçăo
2025-10-10 17:33:24,602 - utils - INFO - Colunas selecionadas com sucesso.
2025-10-10 17:33:24,603 - utils - INFO - Iniciando o tratamento da coluna 'Referęncia'.
2025-10-10 17:33:24,649 - utils - INFO - Símbolo '-' e texto subsequente removidos da coluna 'Referęncia'.
2025-10-10 17:41:22,918 - utils - INFO - ==================================================
2025-10-10 17:41:22,919 - utils - INFO - Iniciando novo processamento de planilha.
2025-10-10 17:41:22,919 - utils - INFO - Iniciando a leitura do arquivo: base_de_dados.xlsx
2025-10-10 17:41:30,931 - utils - INFO - Arquivo carregado com sucesso. 37768 linhas encontradas.
2025-10-10 17:41:30,932 - utils - INFO - Iniciando a filtragem por data.
2025-10-10 17:41:30,943 - utils - INFO - 1 linhas removidas por data vazia.
2025-10-10 17:41:30,993 - utils - INFO - 259 linhas removidas do ano 2023.
2025-10-10 17:41:30,993 - utils - INFO - Filtragem por data concluída.
2025-10-10 17:41:30,993 - utils - INFO - Selecionando as colunas: Conta, Referęncia, Montante em moeda interna, Data do documento, Data de lançamento, Data de compensaçăo
2025-10-10 17:41:30,997 - utils - INFO - Colunas selecionadas com sucesso.
2025-10-10 17:41:30,998 - utils - INFO - Iniciando o tratamento da coluna 'Referęncia'.
2025-10-10 17:41:31,042 - utils - INFO - Símbolo '-' e texto subsequente removidos da coluna 'Referęncia'.
2025-10-10 17:41:31,079 - utils - INFO - 6693 linhas removidas por conterem valores inválidos (texto ou vazios) na coluna 'Referęncia'.
2025-10-10 17:41:31,080 - utils - INFO - Coluna 'Referęncia' tratada e convertida para formato numérico.
2025-10-10 17:41:31,080 - utils - INFO - Iniciando a formataçăo das colunas de data: Data do documento, Data de lançamento, Data de compensaçăo
2025-10-10 17:41:31,397 - utils - INFO - Coluna 'Data do documento' formatada para dd/mm/aaaa.
2025-10-10 17:41:31,762 - utils - INFO - Coluna 'Data de lançamento' formatada para dd/mm/aaaa.
2025-10-10 17:41:32,088 - utils - INFO - Coluna 'Data de compensaçăo' formatada para dd/mm/aaaa.
2025-10-10 17:41:32,088 - utils - INFO - Formataçăo de datas concluída.
2025-10-10 17:41:32,088 - utils - INFO - Processamento concluído.
2025-10-10 17:41:37,584 - utils - INFO - Arquivo processado salvo com sucesso em: 'dados_estruturados1.xlsx'
2025-10-10 17:41:37,584 - utils - INFO - Fim do processamento.
2025-10-10 17:41:37,584 - utils - INFO - ==================================================

2025-10-13 12:52:51,739 - utils - INFO - ==================================================
2025-10-13 12:52:51,740 - utils - INFO - Iniciando novo processamento de planilha.
2025-10-13 12:54:45,910 - utils - INFO - ==================================================
2025-10-13 12:54:45,911 - utils - INFO - Iniciando novo processamento de planilha.
2025-10-13 12:56:42,161 - utils - INFO - ==================================================
2025-10-13 12:56:42,162 - utils - INFO - Iniciando novo processamento do arquivo: base_de_dados.xlsx
2025-10-13 12:56:42,162 - utils - INFO - Iniciando a leitura do arquivo: base_de_dados.xlsx
2025-10-13 12:56:49,251 - utils - INFO - Arquivo carregado com sucesso. 37768 linhas encontradas.
2025-10-13 12:56:49,252 - utils - INFO - Iniciando a filtragem por data (Etapa 1).
2025-10-13 12:56:49,274 - utils - INFO - 1 linhas removidas por data vazia.
2025-10-13 12:56:49,327 - utils - INFO - 259 linhas removidas do ano 2023.
2025-10-13 12:56:49,327 - utils - INFO - Filtragem por data (Etapa 1) concluída.
2025-10-13 12:56:49,328 - utils - INFO - Selecionando as colunas: Conta, Referęncia, Montante em moeda interna, Data do documento, Data de lançamento, Data de compensaçăo
2025-10-13 12:56:49,333 - utils - INFO - Colunas selecionadas com sucesso.
2025-10-13 12:56:49,333 - utils - INFO - Iniciando o tratamento da coluna 'Referęncia'.
2025-10-13 12:56:49,377 - utils - INFO - Símbolo '-' e texto subsequente removidos da coluna 'Referęncia'.
2025-10-13 12:56:49,408 - utils - INFO - 6693 linhas removidas por conterem valores inválidos na coluna 'Referęncia'.
2025-10-13 12:56:49,409 - utils - INFO - Coluna 'Referęncia' tratada e convertida para formato numérico.
2025-10-13 12:56:49,410 - utils - INFO - Processamento da Etapa 1 concluído.
2025-10-13 12:56:49,411 - utils - INFO - Iniciando a Etapa 2: Filtragem por ano de 2025 e divisăo por conta.
2025-10-13 12:56:49,433 - utils - INFO - Encontradas 21775 linhas para o ano de 2025.
2025-10-13 12:56:49,434 - utils - INFO - Filtrando dados para a conta 302282 -> Aba 'Bahia'
2025-10-13 12:56:49,437 - utils - INFO - Iniciando a formataçăo das colunas de data: Data do documento, Data de lançamento, Data de compensaçăo
2025-10-13 12:56:49,554 - utils - INFO - Coluna 'Data do documento' formatada para dd/mm/aaaa.
2025-10-13 12:56:49,661 - utils - INFO - Coluna 'Data de lançamento' formatada para dd/mm/aaaa.
2025-10-13 12:56:49,759 - utils - INFO - Coluna 'Data de compensaçăo' formatada para dd/mm/aaaa.
2025-10-13 12:56:49,759 - utils - INFO - Formataçăo de datas concluída.
2025-10-13 12:56:49,760 - utils - INFO - Foram encontradas 17818 linhas para a conta 302282.
2025-10-13 12:56:49,761 - utils - INFO - Filtrando dados para a conta 303264 -> Aba 'Ceará'
2025-10-13 12:56:49,763 - utils - INFO - Iniciando a formataçăo das colunas de data: Data do documento, Data de lançamento, Data de compensaçăo
2025-10-13 12:56:49,770 - utils - INFO - Coluna 'Data do documento' formatada para dd/mm/aaaa.
2025-10-13 12:56:49,776 - utils - INFO - Coluna 'Data de lançamento' formatada para dd/mm/aaaa.
2025-10-13 12:56:49,783 - utils - INFO - Coluna 'Data de compensaçăo' formatada para dd/mm/aaaa.
2025-10-13 12:56:49,783 - utils - INFO - Formataçăo de datas concluída.
2025-10-13 12:56:49,784 - utils - INFO - Foram encontradas 718 linhas para a conta 303264.
2025-10-13 12:56:49,785 - utils - INFO - Filtrando dados para a conta 303432 -> Aba 'Pernambuco'
2025-10-13 12:56:49,787 - utils - INFO - Iniciando a formataçăo das colunas de data: Data do documento, Data de lançamento, Data de compensaçăo
2025-10-13 12:56:49,860 - utils - INFO - Coluna 'Data do documento' formatada para dd/mm/aaaa.
2025-10-13 12:56:49,893 - utils - INFO - Coluna 'Data de lançamento' formatada para dd/mm/aaaa.
2025-10-13 12:56:49,918 - utils - INFO - Coluna 'Data de compensaçăo' formatada para dd/mm/aaaa.
2025-10-13 12:56:49,919 - utils - INFO - Formataçăo de datas concluída.
2025-10-13 12:56:49,919 - utils - INFO - Foram encontradas 3239 linhas para a conta 303432.
2025-10-13 12:56:49,920 - utils - INFO - Iniciando a gravaçăo do arquivo de saída: 'dados_estruturados.xlsx'
2025-10-13 12:56:49,924 - utils - INFO - Iniciando a formataçăo das colunas de data: Data do documento, Data de lançamento, Data de compensaçăo
2025-10-13 12:56:50,107 - utils - INFO - Coluna 'Data do documento' formatada para dd/mm/aaaa.
2025-10-13 12:56:50,275 - utils - INFO - Coluna 'Data de lançamento' formatada para dd/mm/aaaa.
2025-10-13 12:56:50,431 - utils - INFO - Coluna 'Data de compensaçăo' formatada para dd/mm/aaaa.
2025-10-13 12:56:50,431 - utils - INFO - Formataçăo de datas concluída.
2025-10-13 12:56:51,588 - utils - INFO - Aba 'Dados Consolidados' salva com sucesso.
2025-10-13 12:56:52,525 - utils - INFO - Aba 'Bahia' salva com sucesso.
2025-10-13 12:56:52,552 - utils - INFO - Aba 'Ceará' salva com sucesso.
2025-10-13 12:56:52,737 - utils - INFO - Aba 'Pernambuco' salva com sucesso.
2025-10-13 12:56:59,762 - utils - INFO - Arquivo multipágina salvo com sucesso em: 'dados_estruturados.xlsx'
2025-10-13 12:56:59,763 - utils - INFO - Fim do processamento.
2025-10-13 12:56:59,763 - utils - INFO - ==================================================

2025-10-13 15:38:04,969 - utils - INFO - ==================================================
2025-10-13 15:38:04,970 - utils - INFO - Iniciando novo processamento do arquivo: base_de_dados.xlsx
2025-10-13 15:38:04,971 - utils - INFO - Iniciando a leitura do arquivo: base_de_dados.xlsx
2025-10-13 15:38:12,890 - utils - INFO - Arquivo carregado com sucesso. 37768 linhas encontradas.
2025-10-13 15:38:12,890 - utils - INFO - Iniciando a filtragem por data (Etapa 1).
2025-10-13 15:38:12,902 - utils - INFO - 1 linhas removidas por data vazia.
2025-10-13 15:38:12,953 - utils - INFO - 259 linhas removidas do ano 2023.
2025-10-13 15:38:12,954 - utils - INFO - Selecionando as colunas: Conta, Referęncia, Montante em moeda interna, Data do documento, Data de lançamento, Data de compensaçăo
2025-10-13 15:38:12,958 - utils - INFO - Iniciando o tratamento da coluna 'Referęncia'.
2025-10-13 15:38:13,028 - utils - INFO - 6693 linhas removidas por valores inválidos na 'Referęncia'.
2025-10-13 15:38:13,029 - utils - INFO - Processamento da Etapa 1 concluído.
2025-10-13 15:38:13,029 - utils - INFO - Iniciando Etapa 2: Filtragem por ano de 2025 e divisăo por conta.
2025-10-13 15:38:13,052 - utils - INFO - Encontradas 21775 linhas para o ano de 2025.
2025-10-13 15:38:13,053 - utils - INFO - Filtrando dados para a conta 302282 -> Aba '302282 - Bahia'
2025-10-13 15:38:13,055 - utils - INFO - Encontradas 17818 linhas para a conta 302282.
2025-10-13 15:38:13,056 - utils - INFO - Filtrando dados para a conta 303264 -> Aba '303264 - Ceará'
2025-10-13 15:38:13,057 - utils - INFO - Encontradas 718 linhas para a conta 303264.
2025-10-13 15:38:13,058 - utils - INFO - Filtrando dados para a conta 303432 -> Aba '303432 - Pernambuco'
2025-10-13 15:38:13,061 - utils - INFO - Encontradas 3239 linhas para a conta 303432.
2025-10-13 15:38:13,062 - utils - INFO - Iniciando Etapas 3 e 4: Tratamento final das abas por estado.
2025-10-13 15:38:13,064 - utils - INFO - --- Processando '302282 - Bahia' para gerar a aba final ---
2025-10-13 15:38:13,078 - utils - INFO - [302282 - Bahia] Etapa 3: 40 linhas removidas (ref. únicas com valor > 0).
2025-10-13 15:38:13,082 - utils - INFO - [302282 - Bahia] Etapa 4: 1141 linhas duplicadas removidas com base na 'Referęncia'.
2025-10-13 15:38:13,084 - utils - INFO - --- Processando '303264 - Ceará' para gerar a aba final ---
2025-10-13 15:38:13,088 - utils - INFO - [303264 - Ceará] Etapa 3: 0 linhas removidas (ref. únicas com valor > 0).
2025-10-13 15:38:13,090 - utils - INFO - [303264 - Ceará] Etapa 4: 31 linhas duplicadas removidas com base na 'Referęncia'.
2025-10-13 15:38:13,090 - utils - INFO - --- Processando '303432 - Pernambuco' para gerar a aba final ---
2025-10-13 15:38:13,096 - utils - INFO - [303432 - Pernambuco] Etapa 3: 0 linhas removidas (ref. únicas com valor > 0).
2025-10-13 15:38:13,099 - utils - INFO - [303432 - Pernambuco] Etapa 4: 28 linhas duplicadas removidas com base na 'Referęncia'.
2025-10-13 15:38:13,100 - utils - INFO - Iniciando a gravaçăo do arquivo de saída: 'dados_estruturados1.xlsx'
2025-10-13 15:38:14,837 - utils - INFO - Aba 'Dados Consolidados' salva com sucesso.
2025-10-13 15:38:15,950 - utils - INFO - Aba intermediária (Etapa 2) '302282 - Bahia' salva com sucesso.
2025-10-13 15:38:16,008 - utils - INFO - Aba intermediária (Etapa 2) '303264 - Ceará' salva com sucesso.
2025-10-13 15:38:16,215 - utils - INFO - Aba intermediária (Etapa 2) '303432 - Pernambuco' salva com sucesso.
2025-10-13 15:38:17,305 - utils - INFO - Aba final (Etapa 4) 'Bahia' salva com sucesso.
2025-10-13 15:38:17,359 - utils - INFO - Aba final (Etapa 4) 'Ceará' salva com sucesso.
2025-10-13 15:38:17,564 - utils - INFO - Aba final (Etapa 4) 'Pernambuco' salva com sucesso.
2025-10-13 15:38:24,297 - utils - INFO - Arquivo multipágina salvo com sucesso em: 'dados_estruturados1.xlsx'
2025-10-13 15:38:24,297 - utils - INFO - Fim do processamento.
2025-10-13 15:38:24,297 - utils - INFO - ==================================================

