2025-11-03 09:06:27,274 - utils - SUCCESS - Painel de Controle iniciado. Pronto para operaÁ„o.
2025-11-03 09:06:37,096 - utils - INFO - Arquivo selecionado: C:/Users/felip/Downloads/fbl5n-3010.XLSX
2025-11-03 09:06:40,988 - utils - INFO - Arquivo selecionado: C:/Users/felip/Downloads/relatorio (6) (4).xls
2025-11-03 09:06:43,614 - utils - SUCCESS - ===================================================
2025-11-03 09:06:43,616 - utils - SUCCESS - Iniciando novo ciclo de processamento via interface.
2025-11-03 09:06:43,676 - utils - STAGE - ===================================================
2025-11-03 09:06:43,681 - utils - STAGE - Iniciando novo ciclo de processamento...
2025-11-03 09:06:43,714 - utils - STAGE - FASE 1: Processando arquivo base...

2025-11-03 09:06:43,714 - utils - STAIR - --- INICIANDO ETAPA 1: Processamento da Planilha Principal ---
2025-11-03 09:06:43,715 - utils - INFO - Iniciando a leitura do arquivo principal: C:/Users/felip/Downloads/fbl5n-3010.XLSX
2025-11-03 09:07:05,250 - utils - INFO - Arquivo principal carregado com sucesso. 40831 linhas encontradas.

2025-11-03 09:07:05,251 - utils - INFO - Filtrando por data (removendo vazios e ano 2023).
2025-11-03 09:07:05,279 - utils - INFO -  †- 1 linhas removidas por data vazia.
2025-11-03 09:07:05,336 - utils - INFO -  †- 0 linhas removidas por erro de convers„o de data.
2025-11-03 09:07:05,359 - utils - INFO -  †- 259 linhas removidas por pertencerem ao ano de 2023.
2025-11-03 09:07:05,360 - utils - INFO - Selecionando colunas: Conta, ReferÍncia, Montante em moeda interna, Data do documento, Data de lanÁamento, Data de compensaÁ„o
2025-11-03 09:07:05,367 - utils - INFO - Tratando a coluna 'ReferÍncia'.
2025-11-03 09:07:05,448 - utils - INFO -  †- Removidos sufixos apůs '-' na coluna 'ReferÍncia'.
2025-11-03 09:07:05,499 - utils - INFO -  †- 7060 linhas removidas por valores n„o numťricos em 'ReferÍncia'.
2025-11-03 09:07:05,509 - utils - SUCCESS - --- Processamento da Etapa 1 concluŪdo --- 

2025-11-03 09:07:05,541 - utils - STAIR - --- INICIANDO ETAPA 2: Divis„o por Conta para o Ano de 2024 ---
2025-11-03 09:07:05,581 - utils - INFO - Total de 9040 linhas encontradas para o ano de 2024.

2025-11-03 09:07:05,582 - utils - INFO - Filtrando dados para a conta 302282 para gerar a aba '302282 - Bahia'...
2025-11-03 09:07:05,585 - utils - INFO -  †- 3686 linhas separadas para a conta 302282.
2025-11-03 09:07:05,596 - utils - INFO - Filtrando dados para a conta 303264 para gerar a aba '303264 - CearŠ'...
2025-11-03 09:07:05,602 - utils - INFO -  †- Regra especial aplicada: Incluindo dados da conta 302282 (Bahia) na aba de CearŠ.
2025-11-03 09:07:05,606 - utils - INFO -  †- 5501 linhas separadas para a conta 303264.
2025-11-03 09:07:05,610 - utils - INFO - Filtrando dados para a conta 303432 para gerar a aba '303432 - Pernambuco'...
2025-11-03 09:07:05,614 - utils - INFO -  †- 3539 linhas separadas para a conta 303432.
2025-11-03 09:07:05,616 - utils - SUCCESS - --- Etapa 2 concluŪda --- 

2025-11-03 09:07:05,658 - utils - STAIR - --- INICIANDO ETAPAS 3 e 4: Tratamento e EstruturaÁ„o Final ---
2025-11-03 09:07:05,659 - utils - INFO - 
--- Processando '302282 - Bahia' para gerar a aba 'Bahia' ---
2025-11-03 09:07:05,662 - utils - INFO - [Bahia] Etapa 3: Identificando referÍncias ķnicas com valor positivo para exclus„o.
2025-11-03 09:07:05,674 - utils - INFO - [Bahia] Etapa 3: 0 linhas removidas.
2025-11-03 09:07:05,698 - utils - INFO - [Bahia] Etapa 4: 281 linhas duplicadas removidas com base na 'ReferÍncia'.
2025-11-03 09:07:05,708 - utils - INFO - [Bahia] Etapa 4: Estrutura final de colunas aplicada.
2025-11-03 09:07:05,712 - utils - INFO - [Bahia] Etapa 4: Preenchendo 'Valor pagamento' com base na soma de '302282 - Bahia'.
2025-11-03 09:07:05,718 - utils - INFO - [Bahia] Etapa 4: Formatando e preenchendo 'Data de compensaÁ„o'.
2025-11-03 09:07:05,768 - utils - INFO - 
--- Processando '303264 - CearŠ' para gerar a aba 'CearŠ' ---
2025-11-03 09:07:05,772 - utils - INFO - [CearŠ] Etapa 3: Identificando referÍncias ķnicas com valor positivo para exclus„o.
2025-11-03 09:07:05,782 - utils - INFO - [CearŠ] Etapa 3: 0 linhas removidas.
2025-11-03 09:07:05,796 - utils - INFO - [CearŠ] Etapa 4: 290 linhas duplicadas removidas com base na 'ReferÍncia'.
2025-11-03 09:07:05,798 - utils - INFO - [CearŠ] Etapa 4: Estrutura final de colunas aplicada.
2025-11-03 09:07:05,802 - utils - INFO - [CearŠ] Etapa 4: Preenchendo 'Valor pagamento' com base na soma de '303264 - CearŠ'.
2025-11-03 09:07:05,812 - utils - INFO - [CearŠ] Etapa 4: Formatando e preenchendo 'Data de compensaÁ„o'.
2025-11-03 09:07:05,898 - utils - INFO - 
--- Processando '303432 - Pernambuco' para gerar a aba 'Pernambuco' ---
2025-11-03 09:07:05,899 - utils - INFO - [Pernambuco] Etapa 3: Identificando referÍncias ķnicas com valor positivo para exclus„o.
2025-11-03 09:07:05,910 - utils - INFO - [Pernambuco] Etapa 3: 0 linhas removidas.
2025-11-03 09:07:05,924 - utils - INFO - [Pernambuco] Etapa 4: 63 linhas duplicadas removidas com base na 'ReferÍncia'.
2025-11-03 09:07:05,928 - utils - INFO - [Pernambuco] Etapa 4: Estrutura final de colunas aplicada.
2025-11-03 09:07:05,930 - utils - INFO - [Pernambuco] Etapa 4: Preenchendo 'Valor pagamento' com base na soma de '303432 - Pernambuco'.
2025-11-03 09:07:05,936 - utils - INFO - [Pernambuco] Etapa 4: Formatando e preenchendo 'Data de compensaÁ„o'.
2025-11-03 09:07:05,998 - utils - SUCCESS - --- Etapas 3 e 4 concluŪdas ---

2025-11-03 09:07:06,033 - utils - STAGE - FASE 2: Processando relatůrio externo...

2025-11-03 09:07:06,034 - utils - STAIR - --- INICIANDO PROCESSAMENTO DO RELAT”RIO EXTERNO ---
2025-11-03 09:07:06,040 - utils - INFO - Lendo o arquivo de relatůrio: C:/Users/felip/Downloads/relatorio (6) (4).xls
2025-11-03 09:07:07,272 - utils - INFO - Arquivo lido, pulando as primeiras 6 linhas.
2025-11-03 09:07:07,273 - utils - INFO - Consolidando cabeÁalho de mķltiplas linhas.
2025-11-03 09:07:07,290 - utils - INFO - CabeÁalho consolidado e linhas de cabeÁalho iniciais removidas.
2025-11-03 09:07:07,291 - utils - INFO - Selecionando colunas de interesse pelos Ūndices: [3, 4, 9, 14, 15, 16, 17, 18, 20, 25, 35]
2025-11-03 09:07:07,297 - utils - INFO - Renomeando colunas para os nomes padronizados.
2025-11-03 09:07:07,304 - utils - INFO - Formatando a coluna 'Emissao' para o formato de data (dd/mm/aaaa).
2025-11-03 09:07:07,446 - utils - INFO - Adicionando e preparando novas colunas: MÍs, Transportadora, ServiÁo.
2025-11-03 09:07:07,626 - utils - INFO - Adicionando colunas de pagamento (ser„o preenchidas na etapa de anŠlise).
2025-11-03 09:07:07,630 - utils - INFO - Preenchendo colunas com base nas regras.
2025-11-03 09:07:07,633 - utils - INFO - Tratando coluna 'Cliente': Padronizando nomes 'ITAMBE' e 'LACTALIS'.
2025-11-03 09:07:07,681 - utils - INFO - Coluna 'Cliente' padronizada com sucesso.
2025-11-03 09:07:07,682 - utils - INFO - Preenchendo coluna 'Transportadora' com base na 'UF Origem'.
2025-11-03 09:07:07,696 - utils - INFO - Coluna 'Transportadora' preenchida com sucesso.
2025-11-03 09:07:07,697 - utils - INFO - Preenchendo coluna 'ServiÁo' com base em 'DT Frete'.
2025-11-03 09:07:07,860 - utils - WARNING - Valores n„o mapeados encontrados em 'DT Frete': ['' 'DIŃRIA DE CARRO DEDICADO' '50866737.' 'DIARIA' 'NOTAS RECOLHIDAS'
 'TRANSFERENCIA ENTRE CD' '-51115630' 'CUSTO LOGTUDO' 'TESTE' 'TESTE ICMS']
2025-11-03 09:07:07,863 - utils - INFO - Coluna 'ServiÁo' preenchida com base nas regras definidas.
2025-11-03 09:07:07,865 - utils - INFO - Tratando coluna 'CTRC' para remover prefixos e sufixos '2024'.
2025-11-03 09:07:07,901 - utils - INFO - Coluna 'CTRC' tratada com a nova lůgica condicional.
2025-11-03 09:07:07,910 - utils - INFO - Removendo linhas onde a coluna 'CTRC' tem 7 ou mais caracteres.
2025-11-03 09:07:07,924 - utils - INFO - Linhas com 7 ou mais caracteres em 'CTRC' removidas.
2025-11-03 09:07:07,927 - utils - INFO - Limpando a coluna 'DT Frete', substituindo textos por '-'.
2025-11-03 09:07:07,940 - utils - INFO - Coluna 'DT Frete' limpa.
2025-11-03 09:07:07,944 - utils - INFO - Removendo linhas onde 'Valor CTe' ť 0, 0.01 ou nulo.
2025-11-03 09:07:07,970 - utils - INFO - 391 linhas foram removidas com 'Valor CTe' igual a 0 ou 0.01.
2025-11-03 09:07:07,978 - utils - INFO - Colunas reordenadas para a estrutura final do relatůrio.
2025-11-03 09:07:07,979 - utils - SUCCESS - --- Processamento do relatůrio concluŪdo. 8674 linhas finais. ---

2025-11-03 09:07:08,023 - utils - INFO - Processador de AnŠlise inicializado.
2025-11-03 09:07:08,023 - utils - STAGE - FASE 3: Cruzando dados...

2025-11-03 09:07:08,027 - utils - INFO - Iniciando o cruzamento de dados para preencher a coluna 'Status pgto'.
2025-11-03 09:07:08,099 - utils - INFO - Coluna 'Status pgto' preenchida com sucesso.
2025-11-03 09:07:08,106 - utils - INFO - Iniciando o preenchimento das colunas 'Valor pago', 'Recebido/A receber' e 'diferenÁa'.
2025-11-03 09:07:08,165 - utils - INFO - Coluna 'Valor pago' preenchida.
2025-11-03 09:07:08,166 - utils - INFO - Preenchendo a coluna 'Recebido/A receber' com base no můdulo de 'Valor pago'.
2025-11-03 09:07:08,188 - utils - INFO - Coluna 'Recebido/A receber' preenchida.
2025-11-03 09:07:08,196 - utils - INFO - Calculando a coluna 'diferenÁa' ('Valor CTe' - 'Recebido/A receber').
2025-11-03 09:07:08,209 - utils - INFO - Coluna 'diferenÁa' calculada com sucesso.

2025-11-03 09:07:08,249 - utils - STAGE - FASE 4: Gerando arquivo de saŪda: 'C:\Users\felip\AppData\Local\Temp\_MEI57002\dados_estruturados.xlsx'
2025-11-03 09:07:16,211 - utils - STAGE - FASE 5: Gerando relatůrio final consolidado...

2025-11-03 09:07:16,225 - utils - INFO - Gerador de Relatůrio Final inicializado.
2025-11-03 09:07:16,228 - utils - STAIR - --- INICIANDO GERA«√O DO RELAT”RIO FINAL CONSOLIDADO ---
2025-11-03 09:07:16,232 - utils - INFO - Gerando tabela consolidada de resumo...
2025-11-03 09:07:16,248 - utils - INFO - Processando transportadora: Logtudo Bahia
2025-11-03 09:07:16,477 - utils - INFO - Processando transportadora: Logtudo CearŠ
2025-11-03 09:07:16,656 - utils - INFO - Processando transportadora: Logtudo Pernambuco
2025-11-03 09:07:16,895 - utils - INFO - Tabela consolidada gerada com sucesso.
2025-11-03 09:07:16,952 - utils - INFO - Iniciando a criaÁ„o da tabela de detalhes de pagamentos pendentes.
2025-11-03 09:07:16,955 - utils - INFO - Foram encontradas 114 linhas para a tabela de detalhes.
2025-11-03 09:07:16,961 - utils - INFO - Colunas para a tabela de detalhes foram selecionadas e renomeadas.
2025-11-03 09:07:16,994 - utils - INFO - Tabela de detalhes escrita na aba 'Resumo Consolidado' a partir da coluna G.
2025-11-03 09:07:17,110 - utils - INFO - FormataÁ„o executiva aplicada ŗ tabela de detalhes.
2025-11-03 09:07:17,110 - utils - SUCCESS - --- GERA«√O DO RELAT”RIO FINAL CONCLUÕDA. ---

2025-11-03 09:07:30,889 - utils - SUCCESS - Arquivo multipŠgina salvo com sucesso em: 'C:\Users\felip\AppData\Local\Temp\_MEI57002\dados_estruturados.xlsx'
2025-11-03 09:07:30,919 - utils - STAGE - Fim do processamento.
2025-11-03 09:07:30,920 - utils - STAGE - ==================================================

2025-11-03 09:07:30,928 - utils - SUCCESS - Processamento concluŪdo com sucesso!
2025-11-03 09:07:31,022 - utils - INFO - Tabela 'Resumo Consolidado' carregada para visualizaÁ„o (A3:E27).
2025-11-03 09:07:31,176 - utils - INFO - Tabela 'Detalhes de PendÍncias' carregada para visualizaÁ„o com colunas selecionadas.
2025-11-03 09:07:35,426 - utils - SUCCESS - ==================================================

2025-11-03 09:07:43,697 - utils - SUCCESS - Arquivo .xlsx exportado com sucesso para: C:/Users/felip/Downloads/relatorio_final.xlsx
2025-11-03 11:37:47,249 - utils - SUCCESS - Painel de Controle iniciado. Pronto para operaÁ„o.
2025-11-11 15:05:55,326 - utils - SUCCESS - Painel de Controle iniciado. Pronto para operaÁ„o.
2025-11-11 15:06:08,848 - utils - INFO - Arquivo selecionado: C:/Users/felip/Downloads/FBL1N-1510 (1).XLSX
2025-11-11 15:06:15,176 - utils - INFO - Arquivo selecionado: C:/Users/felip/Downloads/relatorio (6) (4).xls
2025-11-11 15:06:16,734 - utils - SUCCESS - ===================================================
2025-11-11 15:06:16,735 - utils - SUCCESS - Iniciando novo ciclo de processamento via interface.
2025-11-11 15:06:16,769 - utils - STAGE - ===================================================
2025-11-11 15:06:16,769 - utils - STAGE - Iniciando novo ciclo de processamento...
2025-11-11 15:06:16,796 - utils - STAGE - FASE 1: Processando arquivo base...

2025-11-11 15:06:16,797 - utils - STAIR - --- INICIANDO ETAPA 1: Processamento da Planilha Principal ---
2025-11-11 15:06:16,798 - utils - INFO - Iniciando a leitura do arquivo principal: C:/Users/felip/Downloads/FBL1N-1510 (1).XLSX
2025-11-11 15:06:29,694 - utils - INFO - Arquivo principal carregado com sucesso. 29019 linhas encontradas.

2025-11-11 15:06:29,695 - utils - INFO - Filtrando por data (removendo vazios e ano 2023).
2025-11-11 15:06:29,708 - utils - INFO -  †- 1 linhas removidas por data vazia.
2025-11-11 15:06:29,745 - utils - INFO -  †- 0 linhas removidas por erro de convers„o de data.
2025-11-11 15:06:29,757 - utils - INFO -  †- 3 linhas removidas por pertencerem ao ano de 2023.
2025-11-11 15:06:29,758 - utils - INFO - Selecionando colunas: Conta, ReferÍncia, Montante em moeda interna, Data do documento, Data de lanÁamento, Data de compensaÁ„o
2025-11-11 15:06:29,762 - utils - INFO - Tratando a coluna 'ReferÍncia'.
2025-11-11 15:06:29,841 - utils - INFO -  †- Removidos sufixos apůs '-' na coluna 'ReferÍncia'.
2025-11-11 15:06:29,885 - utils - INFO -  †- 4420 linhas removidas por valores n„o numťricos em 'ReferÍncia'.
2025-11-11 15:06:29,885 - utils - SUCCESS - --- Processamento da Etapa 1 concluŪdo --- 

2025-11-11 15:06:29,895 - utils - STAIR - --- INICIANDO ETAPA 2: Divis„o por Conta para o Ano de 2025 ---
2025-11-11 15:06:29,917 - utils - INFO - Total de 22855 linhas encontradas para o ano de 2025.

2025-11-11 15:06:29,917 - utils - INFO - Filtrando dados para a conta 302282 para gerar a aba '302282 - Bahia'...
2025-11-11 15:06:29,922 - utils - INFO -  †- 18784 linhas separadas para a conta 302282.
2025-11-11 15:06:29,923 - utils - INFO - Filtrando dados para a conta 303264 para gerar a aba '303264 - CearŠ'...
2025-11-11 15:06:29,930 - utils - INFO -  †- Regra especial aplicada: Incluindo dados da conta 302282 (Bahia) na aba de CearŠ.
2025-11-11 15:06:29,930 - utils - INFO -  †- 19502 linhas separadas para a conta 303264.
2025-11-11 15:06:29,932 - utils - INFO - Filtrando dados para a conta 303432 para gerar a aba '303432 - Pernambuco'...
2025-11-11 15:06:29,936 - utils - INFO -  †- 3353 linhas separadas para a conta 303432.
2025-11-11 15:06:29,938 - utils - SUCCESS - --- Etapa 2 concluŪda --- 

2025-11-11 15:06:29,949 - utils - STAIR - --- INICIANDO ETAPAS 3 e 4: Tratamento e EstruturaÁ„o Final ---
2025-11-11 15:06:29,949 - utils - INFO - 
--- Processando '302282 - Bahia' para gerar a aba 'Bahia' ---
2025-11-11 15:06:29,951 - utils - INFO - [Bahia] Etapa 3: Identificando referÍncias ķnicas com valor positivo para exclus„o.
2025-11-11 15:06:29,962 - utils - INFO - [Bahia] Etapa 3: 40 linhas removidas.
2025-11-11 15:06:29,966 - utils - INFO - [Bahia] Etapa 4: 1143 linhas duplicadas removidas com base na 'ReferÍncia'.
2025-11-11 15:06:29,967 - utils - INFO - [Bahia] Etapa 4: Estrutura final de colunas aplicada.
2025-11-11 15:06:29,969 - utils - INFO - [Bahia] Etapa 4: Preenchendo 'Valor pagamento' com base na soma de '302282 - Bahia'.
2025-11-11 15:06:29,979 - utils - INFO - [Bahia] Etapa 4: Formatando e preenchendo 'Data de compensaÁ„o'.
2025-11-11 15:06:30,115 - utils - INFO - 
--- Processando '303264 - CearŠ' para gerar a aba 'CearŠ' ---
2025-11-11 15:06:30,116 - utils - INFO - [CearŠ] Etapa 3: Identificando referÍncias ķnicas com valor positivo para exclus„o.
2025-11-11 15:06:30,125 - utils - INFO - [CearŠ] Etapa 3: 40 linhas removidas.
2025-11-11 15:06:30,129 - utils - INFO - [CearŠ] Etapa 4: 1199 linhas duplicadas removidas com base na 'ReferÍncia'.
2025-11-11 15:06:30,131 - utils - INFO - [CearŠ] Etapa 4: Estrutura final de colunas aplicada.
2025-11-11 15:06:30,132 - utils - INFO - [CearŠ] Etapa 4: Preenchendo 'Valor pagamento' com base na soma de '303264 - CearŠ'.
2025-11-11 15:06:30,141 - utils - INFO - [CearŠ] Etapa 4: Formatando e preenchendo 'Data de compensaÁ„o'.
2025-11-11 15:06:30,266 - utils - INFO - 
--- Processando '303432 - Pernambuco' para gerar a aba 'Pernambuco' ---
2025-11-11 15:06:30,266 - utils - INFO - [Pernambuco] Etapa 3: Identificando referÍncias ķnicas com valor positivo para exclus„o.
2025-11-11 15:06:30,272 - utils - INFO - [Pernambuco] Etapa 3: 0 linhas removidas.
2025-11-11 15:06:30,275 - utils - INFO - [Pernambuco] Etapa 4: 28 linhas duplicadas removidas com base na 'ReferÍncia'.
2025-11-11 15:06:30,276 - utils - INFO - [Pernambuco] Etapa 4: Estrutura final de colunas aplicada.
2025-11-11 15:06:30,278 - utils - INFO - [Pernambuco] Etapa 4: Preenchendo 'Valor pagamento' com base na soma de '303432 - Pernambuco'.
2025-11-11 15:06:30,283 - utils - INFO - [Pernambuco] Etapa 4: Formatando e preenchendo 'Data de compensaÁ„o'.
2025-11-11 15:06:30,312 - utils - SUCCESS - --- Etapas 3 e 4 concluŪdas ---

2025-11-11 15:06:30,322 - utils - STAGE - FASE 2: Processando relatůrio externo...

2025-11-11 15:06:30,322 - utils - STAIR - --- INICIANDO PROCESSAMENTO DO RELAT”RIO EXTERNO ---
2025-11-11 15:06:30,324 - utils - INFO - Lendo o arquivo de relatůrio: C:/Users/felip/Downloads/relatorio (6) (4).xls
2025-11-11 15:06:31,099 - utils - INFO - Arquivo lido, pulando as primeiras 6 linhas.
2025-11-11 15:06:31,099 - utils - INFO - Consolidando cabeÁalho de mķltiplas linhas.
2025-11-11 15:06:31,110 - utils - INFO - CabeÁalho consolidado e linhas de cabeÁalho iniciais removidas.
2025-11-11 15:06:31,111 - utils - INFO - Selecionando colunas de interesse pelos Ūndices: [3, 4, 9, 14, 15, 16, 17, 18, 20, 25, 35]
2025-11-11 15:06:31,115 - utils - INFO - Renomeando colunas para os nomes padronizados.
2025-11-11 15:06:31,118 - utils - INFO - Formatando a coluna 'Emissao' para o formato de data (dd/mm/aaaa).
2025-11-11 15:06:31,215 - utils - INFO - Adicionando e preparando novas colunas: MÍs, Transportadora, ServiÁo.
2025-11-11 15:06:31,331 - utils - INFO - Adicionando colunas de pagamento (ser„o preenchidas na etapa de anŠlise).
2025-11-11 15:06:31,335 - utils - INFO - Preenchendo colunas com base nas regras.
2025-11-11 15:06:31,338 - utils - INFO - Tratando coluna 'Cliente': Padronizando nomes 'ITAMBE' e 'LACTALIS'.
2025-11-11 15:06:31,366 - utils - INFO - Coluna 'Cliente' padronizada com sucesso.
2025-11-11 15:06:31,367 - utils - INFO - Preenchendo coluna 'Transportadora' com base na 'UF Origem'.
2025-11-11 15:06:31,377 - utils - INFO - Coluna 'Transportadora' preenchida com sucesso.
2025-11-11 15:06:31,377 - utils - INFO - Preenchendo coluna 'ServiÁo' com base em 'DT Frete'.
2025-11-11 15:06:31,478 - utils - WARNING - Valores n„o mapeados encontrados em 'DT Frete': ['' 'DIŃRIA DE CARRO DEDICADO' '50866737.' 'DIARIA' 'NOTAS RECOLHIDAS'
 'TRANSFERENCIA ENTRE CD' '-51115630' 'CUSTO LOGTUDO' 'TESTE' 'TESTE ICMS']
2025-11-11 15:06:31,478 - utils - INFO - Coluna 'ServiÁo' preenchida com base nas regras definidas.
2025-11-11 15:06:31,483 - utils - INFO - Tratando coluna 'CTRC' para remover prefixos e sufixos '2025'.
2025-11-11 15:06:31,506 - utils - INFO - Coluna 'CTRC' tratada com a nova lůgica condicional.
2025-11-11 15:06:31,507 - utils - INFO - Removendo linhas onde a coluna 'CTRC' tem 7 ou mais caracteres.
2025-11-11 15:06:31,515 - utils - INFO - Linhas com 7 ou mais caracteres em 'CTRC' removidas.
2025-11-11 15:06:31,517 - utils - INFO - Limpando a coluna 'DT Frete', substituindo textos por '-'.
2025-11-11 15:06:31,526 - utils - INFO - Coluna 'DT Frete' limpa.
2025-11-11 15:06:31,531 - utils - INFO - Removendo linhas onde 'Valor CTe' ť 0, 0.01 ou nulo.
2025-11-11 15:06:31,548 - utils - INFO - 391 linhas foram removidas com 'Valor CTe' igual a 0 ou 0.01.
2025-11-11 15:06:31,552 - utils - INFO - Colunas reordenadas para a estrutura final do relatůrio.
2025-11-11 15:06:31,554 - utils - SUCCESS - --- Processamento do relatůrio concluŪdo. 8531 linhas finais. ---

2025-11-11 15:06:31,568 - utils - INFO - Processador de AnŠlise inicializado.
2025-11-11 15:06:31,568 - utils - STAGE - FASE 3: Cruzando dados...

2025-11-11 15:06:31,571 - utils - INFO - Iniciando o cruzamento de dados para preencher a coluna 'Status pgto'.
2025-11-11 15:06:31,615 - utils - INFO - Coluna 'Status pgto' preenchida com sucesso.
2025-11-11 15:06:31,617 - utils - INFO - Iniciando o preenchimento das colunas 'Valor pago', 'Recebido/A receber' e 'diferenÁa'.
2025-11-11 15:06:31,687 - utils - INFO - Coluna 'Valor pago' preenchida.
2025-11-11 15:06:31,688 - utils - INFO - Preenchendo a coluna 'Recebido/A receber' com base no můdulo de 'Valor pago'.
2025-11-11 15:06:31,709 - utils - INFO - Coluna 'Recebido/A receber' preenchida.
2025-11-11 15:06:31,709 - utils - INFO - Calculando a coluna 'diferenÁa' ('Valor CTe' - 'Recebido/A receber').
2025-11-11 15:06:31,716 - utils - INFO - Coluna 'diferenÁa' calculada com sucesso.

2025-11-11 15:06:31,736 - utils - STAGE - FASE 4: Gerando arquivo de saŪda: 'C:\Users\felip\AppData\Local\Temp\_MEI258442\dados_estruturados.xlsx'
2025-11-11 15:06:41,193 - utils - STAGE - FASE 5: Gerando relatůrio final consolidado...

2025-11-11 15:06:41,203 - utils - INFO - Gerador de Relatůrio Final inicializado.
2025-11-11 15:06:41,204 - utils - STAIR - --- INICIANDO GERA«√O DO RELAT”RIO FINAL CONSOLIDADO ---
2025-11-11 15:06:41,206 - utils - INFO - Gerando tabela consolidada de resumo...
2025-11-11 15:06:41,211 - utils - INFO - Processando transportadora: Logtudo Bahia
2025-11-11 15:06:41,285 - utils - INFO - Processando transportadora: Logtudo CearŠ
2025-11-11 15:06:41,351 - utils - INFO - Processando transportadora: Logtudo Pernambuco
2025-11-11 15:06:41,422 - utils - INFO - Tabela consolidada gerada com sucesso.
2025-11-11 15:06:41,467 - utils - INFO - Iniciando a criaÁ„o da tabela de detalhes de pagamentos pendentes.
2025-11-11 15:06:41,478 - utils - INFO - Foram encontradas 8500 linhas para a tabela de detalhes.
2025-11-11 15:06:41,507 - utils - INFO - Colunas para a tabela de detalhes foram selecionadas e renomeadas.
2025-11-11 15:06:43,483 - utils - INFO - Tabela de detalhes escrita na aba 'Resumo Consolidado' a partir da coluna G.
2025-11-11 15:06:54,617 - utils - INFO - FormataÁ„o executiva aplicada ŗ tabela de detalhes.
2025-11-11 15:06:54,618 - utils - SUCCESS - --- GERA«√O DO RELAT”RIO FINAL CONCLUÕDA. ---

2025-11-11 15:07:13,537 - utils - SUCCESS - Arquivo multipŠgina salvo com sucesso em: 'C:\Users\felip\AppData\Local\Temp\_MEI258442\dados_estruturados.xlsx'
2025-11-11 15:07:13,549 - utils - STAGE - Fim do processamento.
2025-11-11 15:07:13,549 - utils - STAGE - ==================================================

2025-11-11 15:07:13,557 - utils - SUCCESS - Processamento concluŪdo com sucesso!
2025-11-11 15:07:13,691 - utils - INFO - Tabela 'Resumo Consolidado' carregada para visualizaÁ„o (A3:E27).
2025-11-11 15:07:23,558 - utils - INFO - Tabela 'Detalhes de PendÍncias' carregada para visualizaÁ„o com colunas selecionadas.
2025-11-11 15:07:27,640 - utils - SUCCESS - ==================================================

2025-11-14 15:48:56,167 - utils - SUCCESS - Painel de Controle iniciado. Pronto para operaÁ„o.
2026-02-24 16:30:34,557 - utils - SUCCESS - Painel de Controle iniciado. Pronto para operaÁ„o.
2026-02-24 16:30:42,068 - utils - INFO - Arquivo selecionado: E:/Downloads/FBL 2711.xlsx
2026-02-24 16:30:51,264 - utils - INFO - Arquivo selecionado: E:/Downloads/LOGTUDO.xlsx
2026-02-24 16:30:53,790 - utils - SUCCESS - ===================================================
2026-02-24 16:30:53,813 - utils - SUCCESS - Iniciando novo ciclo de processamento via interface.
2026-02-24 16:30:53,846 - utils - STAGE - ===================================================
2026-02-24 16:30:53,846 - utils - STAGE - Iniciando novo ciclo de processamento...
2026-02-24 16:30:53,857 - utils - STAGE - FASE 1: Processando arquivo base...

2026-02-24 16:30:53,857 - utils - STAIR - --- INICIANDO ETAPA 1: Processamento da Planilha Principal ---
2026-02-24 16:30:53,857 - utils - INFO - Iniciando a leitura do arquivo principal: E:/Downloads/FBL 2711.xlsx
2026-02-24 16:30:54,853 - utils - INFO - Arquivo principal carregado com sucesso. 6169 linhas encontradas.

2026-02-24 16:30:54,853 - utils - INFO - Filtrando por data (removendo vazios e ano 2023).
2026-02-24 16:30:54,855 - utils - INFO -  †- 0 linhas removidas por data vazia.
2026-02-24 16:30:54,863 - utils - INFO -  †- 0 linhas removidas por erro de convers„o de data.
2026-02-24 16:30:54,866 - utils - INFO -  †- 0 linhas removidas por pertencerem ao ano de 2023.
2026-02-24 16:30:54,868 - utils - INFO - Selecionando colunas: Conta, ReferÍncia, Montante em moeda interna, Data do documento, Data de lanÁamento, Data de compensaÁ„o
2026-02-24 16:30:54,873 - utils - INFO - Tratando a coluna 'ReferÍncia'.
2026-02-24 16:30:54,878 - utils - INFO -  †- Removidos sufixos apůs '-' na coluna 'ReferÍncia'.
2026-02-24 16:30:54,888 - utils - INFO -  †- 1389 linhas removidas por valores n„o numťricos em 'ReferÍncia'.
2026-02-24 16:30:54,889 - utils - SUCCESS - --- Processamento da Etapa 1 concluŪdo --- 

2026-02-24 16:30:54,901 - utils - STAIR - --- INICIANDO ETAPA 2: Divis„o por Conta para o Ano de 2025 ---
2026-02-24 16:30:54,909 - utils - INFO - Total de 4480 linhas encontradas para o ano de 2025.

2026-02-24 16:30:54,911 - utils - INFO - Filtrando dados para a conta 302282 para gerar a aba '302282 - Bahia'...
2026-02-24 16:30:54,913 - utils - INFO -  †- 4480 linhas separadas para a conta 302282.
2026-02-24 16:30:54,917 - utils - INFO - Filtrando dados para a conta 303264 para gerar a aba '303264 - CearŠ'...
2026-02-24 16:30:54,919 - utils - INFO -  †- Regra especial aplicada: Incluindo dados da conta 302282 (Bahia) na aba de CearŠ.
2026-02-24 16:30:54,921 - utils - INFO -  †- 4480 linhas separadas para a conta 303264.
2026-02-24 16:30:54,922 - utils - INFO - Filtrando dados para a conta 303432 para gerar a aba '303432 - Pernambuco'...
2026-02-24 16:30:54,924 - utils - INFO -  †- 0 linhas separadas para a conta 303432.
2026-02-24 16:30:54,926 - utils - SUCCESS - --- Etapa 2 concluŪda --- 

2026-02-24 16:30:54,942 - utils - STAIR - --- INICIANDO ETAPAS 3 e 4: Tratamento e EstruturaÁ„o Final ---
2026-02-24 16:30:54,943 - utils - INFO - 
--- Processando '302282 - Bahia' para gerar a aba 'Bahia' ---
2026-02-24 16:30:54,944 - utils - INFO - [Bahia] Etapa 3: Identificando referÍncias ķnicas com valor positivo para exclus„o.
2026-02-24 16:30:54,947 - utils - INFO - [Bahia] Etapa 3: 0 linhas removidas.
2026-02-24 16:30:54,951 - utils - INFO - [Bahia] Etapa 4: 125 linhas duplicadas removidas com base na 'ReferÍncia'.
2026-02-24 16:30:54,956 - utils - INFO - [Bahia] Etapa 4: Estrutura final de colunas aplicada.
2026-02-24 16:30:54,960 - utils - INFO - [Bahia] Etapa 4: Preenchendo 'Valor pagamento' com base na soma de '302282 - Bahia'.
2026-02-24 16:30:54,966 - utils - INFO - [Bahia] Etapa 4: Formatando e preenchendo 'Data de compensaÁ„o'.
2026-02-24 16:30:54,991 - utils - INFO - 
--- Processando '303264 - CearŠ' para gerar a aba 'CearŠ' ---
2026-02-24 16:30:54,991 - utils - INFO - [CearŠ] Etapa 3: Identificando referÍncias ķnicas com valor positivo para exclus„o.
2026-02-24 16:30:54,997 - utils - INFO - [CearŠ] Etapa 3: 0 linhas removidas.
2026-02-24 16:30:55,001 - utils - INFO - [CearŠ] Etapa 4: 125 linhas duplicadas removidas com base na 'ReferÍncia'.
2026-02-24 16:30:55,007 - utils - INFO - [CearŠ] Etapa 4: Estrutura final de colunas aplicada.
2026-02-24 16:30:55,011 - utils - INFO - [CearŠ] Etapa 4: Preenchendo 'Valor pagamento' com base na soma de '303264 - CearŠ'.
2026-02-24 16:30:55,014 - utils - INFO - [CearŠ] Etapa 4: Formatando e preenchendo 'Data de compensaÁ„o'.
2026-02-24 16:30:55,037 - utils - WARNING - DataFrame para a aba '303432 - Pernambuco' estŠ vazio. Pulando etapas 3 e 4.
2026-02-24 16:30:55,040 - utils - SUCCESS - --- Etapas 3 e 4 concluŪdas ---

2026-02-24 16:30:55,056 - utils - STAGE - FASE 2: Processando relatůrio externo...

2026-02-24 16:30:55,056 - utils - STAIR - --- INICIANDO PROCESSAMENTO DO RELAT”RIO EXTERNO ---
2026-02-24 16:30:55,058 - utils - INFO - Lendo o arquivo de relatůrio: E:/Downloads/LOGTUDO.xlsx
2026-02-24 16:30:55,166 - utils - ERROR - Ocorreu um erro inesperado ao processar o relatůrio: Excel xlsx file; not supported
Traceback (most recent call last):
  File "report_processor.py", line 161, in process
    df = pd.read_excel(self.filepath, header=None, skiprows=REPORT_SKIP_ROWS, engine='xlrd')
  File "pandas\io\excel\_base.py", line 495, in read_excel
  File "pandas\io\excel\_base.py", line 1567, in __init__
  File "pandas\io\excel\_xlrd.py", line 46, in __init__
  File "pandas\io\excel\_base.py", line 573, in __init__
  File "pandas\io\excel\_xlrd.py", line 63, in load_workbook
  File "xlrd\__init__.py", line 170, in open_workbook
xlrd.biffh.XLRDError: Excel xlsx file; not supported
2026-02-24 16:30:55,185 - utils - WARNING - O relatůrio externo n„o pŰde ser processado. A etapa de anŠlise serŠ pulada.
2026-02-24 16:30:55,186 - utils - STAGE - FASE 4: Gerando arquivo de saŪda: 'C:\Users\felip\AppData\Local\Temp\_MEI219002\dados_estruturados.xlsx'
2026-02-24 16:30:57,100 - utils - SUCCESS - Arquivo multipŠgina salvo com sucesso em: 'C:\Users\felip\AppData\Local\Temp\_MEI219002\dados_estruturados.xlsx'
2026-02-24 16:30:57,117 - utils - STAGE - Fim do processamento.
2026-02-24 16:30:57,117 - utils - STAGE - ==================================================

2026-02-24 16:30:57,119 - utils - SUCCESS - Processamento concluŪdo com sucesso!
2026-02-24 16:30:57,151 - utils - ERROR - N„o foi possŪvel carregar os dados para visualizaÁ„o: Worksheet named 'Resumo Consolidado' not found
Traceback (most recent call last):
  File "app_interface.py", line 362, in load_data_for_view
  File "pandas\io\excel\_base.py", line 508, in read_excel
  File "pandas\io\excel\_base.py", line 1616, in parse
  File "pandas\io\excel\_base.py", line 773, in parse
  File "pandas\io\excel\_openpyxl.py", line 582, in get_sheet_by_name
  File "pandas\io\excel\_base.py", line 624, in raise_if_bad_sheet_by_name
ValueError: Worksheet named 'Resumo Consolidado' not found
2026-02-24 16:30:58,618 - utils - SUCCESS - ==================================================

2026-02-25 09:44:48,177 - utils - SUCCESS - Painel de Controle iniciado. Pronto para operaÁ„o.
2026-02-25 09:45:53,752 - utils - INFO - Arquivo selecionado: E:/Downloads/FBL 2711.xlsx
2026-02-25 09:45:57,034 - utils - INFO - Arquivo selecionado: E:/Downloads/relatorio (5).xls
2026-02-25 09:45:58,035 - utils - SUCCESS - ===================================================
2026-02-25 09:45:58,041 - utils - SUCCESS - Iniciando novo ciclo de processamento via interface.
2026-02-25 09:45:58,090 - utils - STAGE - ===================================================
2026-02-25 09:45:58,090 - utils - STAGE - Iniciando novo ciclo de processamento...
2026-02-25 09:45:58,104 - utils - STAGE - FASE 1: Processando arquivo base...

2026-02-25 09:45:58,104 - utils - STAIR - --- INICIANDO ETAPA 1: Processamento da Planilha Principal ---
2026-02-25 09:45:58,104 - utils - INFO - Iniciando a leitura do arquivo principal: E:/Downloads/FBL 2711.xlsx
2026-02-25 09:45:59,242 - utils - INFO - Arquivo principal carregado com sucesso. 6169 linhas encontradas.

2026-02-25 09:45:59,242 - utils - INFO - Filtrando por data (removendo vazios e ano 2023).
2026-02-25 09:45:59,246 - utils - INFO -  †- 0 linhas removidas por data vazia.
2026-02-25 09:45:59,255 - utils - INFO -  †- 0 linhas removidas por erro de convers„o de data.
2026-02-25 09:45:59,258 - utils - INFO -  †- 0 linhas removidas por pertencerem ao ano de 2023.
2026-02-25 09:45:59,260 - utils - INFO - Selecionando colunas: Conta, ReferÍncia, Montante em moeda interna, Data do documento, Data de lanÁamento, Data de compensaÁ„o
2026-02-25 09:45:59,265 - utils - INFO - Tratando a coluna 'ReferÍncia'.
2026-02-25 09:45:59,275 - utils - INFO -  †- Removidos sufixos apůs '-' na coluna 'ReferÍncia'.
2026-02-25 09:45:59,282 - utils - INFO -  †- 1389 linhas removidas por valores n„o numťricos em 'ReferÍncia'.
2026-02-25 09:45:59,283 - utils - SUCCESS - --- Processamento da Etapa 1 concluŪdo --- 

2026-02-25 09:45:59,298 - utils - STAIR - --- INICIANDO ETAPA 2: Divis„o por Conta para o Ano de 2025 ---
2026-02-25 09:45:59,305 - utils - INFO - Total de 4480 linhas encontradas para o ano de 2025.

2026-02-25 09:45:59,308 - utils - INFO - Filtrando dados para a conta 302282 para gerar a aba '302282 - Bahia'...
2026-02-25 09:45:59,309 - utils - INFO -  †- 4480 linhas separadas para a conta 302282.
2026-02-25 09:45:59,311 - utils - INFO - Filtrando dados para a conta 303264 para gerar a aba '303264 - CearŠ'...
2026-02-25 09:45:59,313 - utils - INFO -  †- Regra especial aplicada: Incluindo dados da conta 302282 (Bahia) na aba de CearŠ.
2026-02-25 09:45:59,314 - utils - INFO -  †- 4480 linhas separadas para a conta 303264.
2026-02-25 09:45:59,316 - utils - INFO - Filtrando dados para a conta 303432 para gerar a aba '303432 - Pernambuco'...
2026-02-25 09:45:59,317 - utils - INFO -  †- 0 linhas separadas para a conta 303432.
2026-02-25 09:45:59,319 - utils - SUCCESS - --- Etapa 2 concluŪda --- 

2026-02-25 09:45:59,335 - utils - STAIR - --- INICIANDO ETAPAS 3 e 4: Tratamento e EstruturaÁ„o Final ---
2026-02-25 09:45:59,335 - utils - INFO - 
--- Processando '302282 - Bahia' para gerar a aba 'Bahia' ---
2026-02-25 09:45:59,336 - utils - INFO - [Bahia] Etapa 3: Identificando referÍncias ķnicas com valor positivo para exclus„o.
2026-02-25 09:45:59,340 - utils - INFO - [Bahia] Etapa 3: 0 linhas removidas.
2026-02-25 09:45:59,346 - utils - INFO - [Bahia] Etapa 4: 125 linhas duplicadas removidas com base na 'ReferÍncia'.
2026-02-25 09:45:59,348 - utils - INFO - [Bahia] Etapa 4: Estrutura final de colunas aplicada.
2026-02-25 09:45:59,349 - utils - INFO - [Bahia] Etapa 4: Preenchendo 'Valor pagamento' com base na soma de '302282 - Bahia'.
2026-02-25 09:45:59,353 - utils - INFO - [Bahia] Etapa 4: Formatando e preenchendo 'Data de compensaÁ„o'.
2026-02-25 09:45:59,377 - utils - INFO - 
--- Processando '303264 - CearŠ' para gerar a aba 'CearŠ' ---
2026-02-25 09:45:59,379 - utils - INFO - [CearŠ] Etapa 3: Identificando referÍncias ķnicas com valor positivo para exclus„o.
2026-02-25 09:45:59,384 - utils - INFO - [CearŠ] Etapa 3: 0 linhas removidas.
2026-02-25 09:45:59,389 - utils - INFO - [CearŠ] Etapa 4: 125 linhas duplicadas removidas com base na 'ReferÍncia'.
2026-02-25 09:45:59,391 - utils - INFO - [CearŠ] Etapa 4: Estrutura final de colunas aplicada.
2026-02-25 09:45:59,392 - utils - INFO - [CearŠ] Etapa 4: Preenchendo 'Valor pagamento' com base na soma de '303264 - CearŠ'.
2026-02-25 09:45:59,397 - utils - INFO - [CearŠ] Etapa 4: Formatando e preenchendo 'Data de compensaÁ„o'.
2026-02-25 09:45:59,425 - utils - WARNING - DataFrame para a aba '303432 - Pernambuco' estŠ vazio. Pulando etapas 3 e 4.
2026-02-25 09:45:59,426 - utils - SUCCESS - --- Etapas 3 e 4 concluŪdas ---

2026-02-25 09:45:59,447 - utils - STAGE - FASE 2: Processando relatůrio externo...

2026-02-25 09:45:59,448 - utils - STAIR - --- INICIANDO PROCESSAMENTO DO RELAT”RIO EXTERNO ---
2026-02-25 09:45:59,450 - utils - INFO - Lendo o arquivo de relatůrio: E:/Downloads/relatorio (5).xls
2026-02-25 09:45:59,748 - utils - INFO - Arquivo lido, pulando as primeiras 6 linhas.
2026-02-25 09:45:59,749 - utils - INFO - Consolidando cabeÁalho de mķltiplas linhas.
2026-02-25 09:45:59,756 - utils - INFO - CabeÁalho consolidado e linhas de cabeÁalho iniciais removidas.
2026-02-25 09:45:59,761 - utils - INFO - Selecionando colunas de interesse pelos Ūndices: [3, 4, 9, 14, 15, 16, 17, 18, 20, 25, 35]
2026-02-25 09:45:59,769 - utils - INFO - Renomeando colunas para os nomes padronizados.
2026-02-25 09:45:59,772 - utils - INFO - Formatando a coluna 'Emissao' para o formato de data (dd/mm/aaaa).
2026-02-25 09:45:59,813 - utils - INFO - Adicionando e preparando novas colunas: MÍs, Transportadora, ServiÁo.
2026-02-25 09:45:59,865 - utils - INFO - Adicionando colunas de pagamento (ser„o preenchidas na etapa de anŠlise).
2026-02-25 09:45:59,867 - utils - INFO - Preenchendo colunas com base nas regras.
2026-02-25 09:45:59,870 - utils - INFO - Tratando coluna 'Cliente': Padronizando nomes 'ITAMBE' e 'LACTALIS'.
2026-02-25 09:45:59,888 - utils - INFO - Coluna 'Cliente' padronizada com sucesso.
2026-02-25 09:45:59,890 - utils - INFO - Preenchendo coluna 'Transportadora' com base na 'UF Origem'.
2026-02-25 09:45:59,895 - utils - INFO - Coluna 'Transportadora' preenchida com sucesso.
2026-02-25 09:45:59,897 - utils - INFO - Preenchendo coluna 'ServiÁo' com base em 'DT Frete'.
2026-02-25 09:45:59,957 - utils - WARNING - Valores n„o mapeados encontrados em 'DT Frete': ['' 'B490019671' 'B490019677' 'B490019668' 'B490019667' 'B490019675'
 'B490019683' 'B490019686' 'B490019687' 'B490019710' 'B490019714'
 'B490019726' 'B490019737' 'B490019748' 'B490019756' 'B490019759'
 'B490019749' 'B490019751' 'B490019766' 'B490019777' 'B490019791'
 'B490019786' 'B490019787' 'B490019792' 'B490019784' 'B490019809'
 'B490019810' 'B490019818' 'B490019833' 'B490019838' 'B490019840'
 'PCH DEZEMBRO DE 2024' 'B490019832' 'B490019850' 'B490019853'
 'B490019854' 'B490019855' 'B490019859' 'B490019860' 'B490019856'
 'B490019851' 'B490019866' 'B490019867' 'B490019873' 'B490019875'
 'B490019890' 'B490019892' 'B490019894' 'B490019884' 'B490019904'
 'B490019906' 'B490019907' 'B490019909' 'B490019917' 'B490019920'
 'B490019921' 'B490019922' 'B490019932' 'B490019938' 'B490019940'
 'B490019942' 'B490019946' 'B490019948' 'B490019949' 'B490019939'
 'B490019957' 'B490019959' 'B490019962' 'B490019965' 'B490019968'
 'B490019980' 'B490019981' 'B490019983' 'B490019984' 'B490019985'
 'B490019986' '8030405454 B490019986' 'B490019997' 'B490019999'
 'B490020001' 'B490020002' 'B490020003' 'B490020005' 'B490020008'
 'B490020010' 'B490020029' 'B490020030' 'B490020031' 'B490020032'
 'B490020033' 'B490020034' 'B490020037' 'B490020045' 'B490020048'
 'B490020050' 'B490020052' 'B490020053' 'B490020051' 'B490020046'
 'B490020047' 'B490020062' 'B490020063' 'B490020066' 'B490020067'
 'B490020068' 'B490020069' 'B490020070' 'B490020071' 'B490020072'
 'B490020064' 'B490020093' 'B490020087' 'B490020089' 'B490020090'
 'B490020092' 'B490020095' 'B490020114' 'B490020116' 'B490020117'
 'B490020118' 'B490020126' 'B490020131' 'B490020133' 'B490020138'
 'B490020143' 'B490020129' 'B490020156' 'B490020157' 'B490020158'
 'B490020159' 'B490020160' 'B490020161' 'B490020162' 'B490020167'
 'B490020168' 'B490020169' 'B490020170' 'B490020171' 'B490020172'
 'B490020248' 'B490020250' 'B490020251' 'B490020252' 'B490020230'
 'B490020231' 'B490020265' 'B490020267' 'B490020268' 'B490020270'
 'B490020263' 'B490020284' 'B490020285' 'B490020286' 'B490020297'
 'PCH JANEIRO 2025' 'B490020312' 'B490020386' 'B490020392' 'B490020390'
 'B490020405' 'B490020406' 'B490020407' 'B490020139' 'B490020421'
 'B490020424' 'B490020425' 'B490020423' 'B490020422' 'B490020427'
 'B490020430' 'B490020429' 'B490020428' 'B490020426' 'B490020447'
 'B490020448' 'B490020459' 'B490020460' 'B490020461' 'B490020462'
 'B490020463' 'B490020469' 'B490020474' 'B490020475' 'B490020505'
 'B490020511' 'B490020512' 'B490020513' 'B490020517' 'B490020521'
 'B490020522' 'B490020523' 'B490020552' 'B490020553' 'B490020554'
 'B490020555' 'B490020551' 'B490020476' 'B490020542' 'B490020550'
 'B490020404' 'B490020561' 'B490020565' 'B490020568' 'B490020570'
 'B490020571' 'B490020573' 'B490020584' 'B490020585' 'B490020583'
 'B490020586' 'B490020587' 'PCH FEVEREIRO 2025' 'B490020593' 'B490020598'
 'B490020597' 'B490020599' 'B490020600' 'B490020616' 'B490020622'
 'B490020621' 'B490020633' 'B490020639' 'B490020636' 'B490020637'
 'B490020638' 'B490020635' 'B490020634' 'B490020643' 'B490020647'
 'B490020657' 'B490020683' 'B490020685' 'B490020696' 'B490020699'
 'B490020700' 'B490020701' 'B490020697' 'B490020710' 'B490020711'
 'B490020712' 'B490020713' 'B490020727' 'B490020726' 'B490020723'
 'B490020728' 'B490020730' 'B490020735' 'B490020762' 'B490020759'
 'B490020760' 'B490020761' 'B490020763' 'B490020770' 'B490020765'
 'B490020769' 'B490020790' 'B490020792' 'B490020795' 'B490020794'
 'B490020797' 'B490020798' 'B490020801' 'B490020806' 'B490020815'
 'B490020822' 'B490020818' 'B490020820' 'B490020821' 'B490020819'
 'B490020834' 'B490020835' 'B490020838' 'B490020840' 'B490020824'
 'B490020844' 'B490020851' 'B490020846' 'B490020848' 'B490020852'
 'B490020847' 'B490020828' 'PCH PRIMEIRA QUINZENA ABRIL 2025'
 'TRANSBORDO CUSTO LOGTUDO' 'PCH 2 QUINZENA ABRIL 2025' 'NOTA DE DEBITO'
 'NEGOCIACOES ESPECIAIS' 'DIARIA PŃRADO']
2026-02-25 09:45:59,959 - utils - INFO - Coluna 'ServiÁo' preenchida com base nas regras definidas.
2026-02-25 09:45:59,962 - utils - INFO - Tratando coluna 'CTRC' para remover prefixos e sufixos '2025'.
2026-02-25 09:45:59,974 - utils - INFO - Coluna 'CTRC' tratada com a nova lůgica condicional.
2026-02-25 09:45:59,976 - utils - INFO - Removendo linhas onde a coluna 'CTRC' tem 7 ou mais caracteres.
2026-02-25 09:45:59,985 - utils - INFO - Linhas com 7 ou mais caracteres em 'CTRC' removidas.
2026-02-25 09:45:59,987 - utils - INFO - Limpando a coluna 'DT Frete', substituindo textos por '-'.
2026-02-25 09:45:59,997 - utils - INFO - Coluna 'DT Frete' limpa.
2026-02-25 09:46:00,001 - utils - INFO - Removendo linhas onde 'Valor CTe' ť 0, 0.01 ou nulo.
2026-02-25 09:46:00,009 - utils - INFO - 4 linhas foram removidas com 'Valor CTe' igual a 0 ou 0.01.
2026-02-25 09:46:00,013 - utils - INFO - Colunas reordenadas para a estrutura final do relatůrio.
2026-02-25 09:46:00,016 - utils - SUCCESS - --- Processamento do relatůrio concluŪdo. 5228 linhas finais. ---

2026-02-25 09:46:00,037 - utils - INFO - Processador de AnŠlise inicializado.
2026-02-25 09:46:00,037 - utils - STAGE - FASE 3: Cruzando dados...

2026-02-25 09:46:00,038 - utils - INFO - Iniciando o cruzamento de dados para preencher a coluna 'Status pgto'.
2026-02-25 09:46:00,054 - utils - INFO - Coluna 'Status pgto' preenchida com sucesso.
2026-02-25 09:46:00,055 - utils - INFO - Iniciando o preenchimento das colunas 'Valor pago', 'Recebido/A receber' e 'diferenÁa'.
2026-02-25 09:46:00,076 - utils - WARNING - Aba de lookup 'Pernambuco' para 'Valor pago' estŠ vazia.
2026-02-25 09:46:00,076 - utils - INFO - Coluna 'Valor pago' preenchida.
2026-02-25 09:46:00,082 - utils - INFO - Preenchendo a coluna 'Recebido/A receber' com base no můdulo de 'Valor pago'.
2026-02-25 09:46:00,091 - utils - INFO - Coluna 'Recebido/A receber' preenchida.
2026-02-25 09:46:00,097 - utils - INFO - Calculando a coluna 'diferenÁa' ('Valor CTe' - 'Recebido/A receber').
2026-02-25 09:46:00,100 - utils - INFO - Coluna 'diferenÁa' calculada com sucesso.

2026-02-25 09:46:00,122 - utils - STAGE - FASE 4: Gerando arquivo de saŪda: 'C:\Users\felip\AppData\Local\Temp\_MEI200442\dados_estruturados.xlsx'
2026-02-25 09:46:01,416 - utils - STAGE - FASE 5: Gerando relatůrio final consolidado...

2026-02-25 09:46:01,418 - utils - INFO - Gerador de Relatůrio Final inicializado.
2026-02-25 09:46:01,420 - utils - STAIR - --- INICIANDO GERA«√O DO RELAT”RIO FINAL CONSOLIDADO ---
2026-02-25 09:46:01,425 - utils - INFO - Gerando tabela consolidada de resumo...
2026-02-25 09:46:01,429 - utils - INFO - Processando transportadora: Logtudo Bahia
2026-02-25 09:46:01,485 - utils - INFO - Processando transportadora: Logtudo CearŠ
2026-02-25 09:46:01,500 - utils - INFO - Processando transportadora: Logtudo Pernambuco
2026-02-25 09:46:01,517 - utils - INFO - Tabela consolidada gerada com sucesso.
2026-02-25 09:46:01,536 - utils - INFO - Iniciando a criaÁ„o da tabela de detalhes de pagamentos pendentes.
2026-02-25 09:46:01,543 - utils - INFO - Foram encontradas 1347 linhas para a tabela de detalhes.
2026-02-25 09:46:01,548 - utils - INFO - Colunas para a tabela de detalhes foram selecionadas e renomeadas.
2026-02-25 09:46:01,643 - utils - INFO - Tabela de detalhes escrita na aba 'Resumo Consolidado' a partir da coluna G.
2026-02-25 09:46:02,142 - utils - INFO - FormataÁ„o executiva aplicada ŗ tabela de detalhes.
2026-02-25 09:46:02,146 - utils - SUCCESS - --- GERA«√O DO RELAT”RIO FINAL CONCLUÕDA. ---

2026-02-25 09:46:04,700 - utils - SUCCESS - Arquivo multipŠgina salvo com sucesso em: 'C:\Users\felip\AppData\Local\Temp\_MEI200442\dados_estruturados.xlsx'
2026-02-25 09:46:04,717 - utils - STAGE - Fim do processamento.
2026-02-25 09:46:04,717 - utils - STAGE - ==================================================

2026-02-25 09:46:04,720 - utils - SUCCESS - Processamento concluŪdo com sucesso!
2026-02-25 09:46:04,889 - utils - INFO - Tabela 'Resumo Consolidado' carregada para visualizaÁ„o (A3:E27).
2026-02-25 09:46:05,392 - utils - INFO - Tabela 'Detalhes de PendÍncias' carregada para visualizaÁ„o com colunas selecionadas.
2026-02-25 09:46:09,735 - utils - SUCCESS - ==================================================

2026-02-25 09:46:25,253 - utils - SUCCESS - Arquivo .xlsx exportado com sucesso para: E:/Downloads/relatorio_final.xlsx
2026-02-25 09:49:31,258 - utils - SUCCESS - Arquivo .pdf exportado com sucesso para: E:/Downloads/relatorio_final.pdf
